mode: set
github.com/abiiranathan/realorm/database/database.go:23.71,27.27 3 1
github.com/abiiranathan/realorm/database/database.go:41.2,43.16 2 1
github.com/abiiranathan/realorm/database/database.go:47.2,47.42 1 1
github.com/abiiranathan/realorm/database/database.go:28.15,30.20 1 1
github.com/abiiranathan/realorm/database/database.go:35.14,36.28 1 1
github.com/abiiranathan/realorm/database/database.go:37.10,38.75 1 1
github.com/abiiranathan/realorm/database/database.go:30.20,32.4 1 1
github.com/abiiranathan/realorm/database/database.go:32.9,34.4 1 1
github.com/abiiranathan/realorm/database/database.go:43.16,45.3 1 1
github.com/abiiranathan/realorm/database/database.go:52.71,61.2 1 1
github.com/abiiranathan/realorm/database/dialect.go:24.34,26.2 1 1
github.com/abiiranathan/realorm/database/dialect.go:29.38,31.2 1 1
github.com/abiiranathan/realorm/database/dialect.go:33.46,36.44 2 1
github.com/abiiranathan/realorm/database/dialect.go:43.2,43.15 1 1
github.com/abiiranathan/realorm/database/dialect.go:36.44,39.18 2 1
github.com/abiiranathan/realorm/database/dialect.go:39.18,41.4 1 1
github.com/abiiranathan/realorm/database/dialect.go:49.44,52.15 2 1
github.com/abiiranathan/realorm/database/dialect.go:56.2,58.42 2 1
github.com/abiiranathan/realorm/database/dialect.go:64.2,64.44 1 1
github.com/abiiranathan/realorm/database/dialect.go:70.2,70.36 1 1
github.com/abiiranathan/realorm/database/dialect.go:76.2,76.36 1 1
github.com/abiiranathan/realorm/database/dialect.go:82.2,82.44 1 1
github.com/abiiranathan/realorm/database/dialect.go:88.2,88.42 1 1
github.com/abiiranathan/realorm/database/dialect.go:94.2,94.16 1 1
github.com/abiiranathan/realorm/database/dialect.go:52.15,54.3 1 1
github.com/abiiranathan/realorm/database/dialect.go:58.42,60.3 1 1
github.com/abiiranathan/realorm/database/dialect.go:60.8,62.3 1 1
github.com/abiiranathan/realorm/database/dialect.go:64.44,66.3 1 1
github.com/abiiranathan/realorm/database/dialect.go:66.8,68.3 1 1
github.com/abiiranathan/realorm/database/dialect.go:70.36,72.3 1 1
github.com/abiiranathan/realorm/database/dialect.go:72.8,74.3 1 1
github.com/abiiranathan/realorm/database/dialect.go:76.36,78.3 1 1
github.com/abiiranathan/realorm/database/dialect.go:78.8,80.3 1 1
github.com/abiiranathan/realorm/database/dialect.go:82.44,84.3 1 1
github.com/abiiranathan/realorm/database/dialect.go:84.8,86.3 1 1
github.com/abiiranathan/realorm/database/dialect.go:88.42,90.3 1 1
github.com/abiiranathan/realorm/database/dialect.go:90.8,92.3 1 1
github.com/abiiranathan/realorm/database/dialect.go:97.91,101.36 3 1
github.com/abiiranathan/realorm/database/dialect.go:110.2,110.17 1 1
github.com/abiiranathan/realorm/database/dialect.go:127.2,127.35 1 1
github.com/abiiranathan/realorm/database/dialect.go:102.14,103.58 1 1
github.com/abiiranathan/realorm/database/dialect.go:104.15,105.59 1 1
github.com/abiiranathan/realorm/database/dialect.go:106.10,107.60 1 1
github.com/abiiranathan/realorm/database/dialect.go:111.10,118.4 2 1
github.com/abiiranathan/realorm/database/dialect.go:119.15,120.31 1 1
github.com/abiiranathan/realorm/database/dialect.go:121.13,122.30 1 1
github.com/abiiranathan/realorm/database/dialect.go:123.10,124.69 1 1
